<?xml version="1.0" encoding="UTF-8"?>
<!-- Generated by org.testng.reporters.JUnitReportReporter -->
<testsuite hostname="Mohammed-Windows" failures="0" tests="3" name="rahulshettyacademy.Tests.SubmitOrderTest" time="27.382" errors="0" timestamp="2025-04-21T19:03:08 IST" skipped="0">
  <testcase classname="rahulshettyacademy.Tests.SubmitOrderTest" name="submitOrder" time="12.122"/>
  <testcase classname="rahulshettyacademy.Tests.SubmitOrderTest" name="OrderHistoryTest" time="4.892"/>
  <testcase classname="rahulshettyacademy.Tests.SubmitOrderTest" name="submitOrder" time="10.368"/>
</testsuite> <!-- rahulshettyacademy.Tests.SubmitOrderTest -->
