<?xml version="1.0" encoding="UTF-8"?>
<!-- Generated by org.testng.reporters.JUnitReportReporter -->
<testsuite hostname="Mohammed-Windows" failures="0" tests="1" name="cucumber.TestNGTestRunner" time="4.149" errors="0" timestamp="2025-04-23T16:57:42 IST" skipped="0">
  <testcase classname="cucumber.TestNGTestRunner" name="runScenario" time="4.149"/>
</testsuite> <!-- cucumber.TestNGTestRunner -->
