<?xml version="1.0" encoding="UTF-8"?>
<!-- Generated by org.testng.reporters.JUnitReportReporter -->
<testsuite hostname="Mohammed-Windows" failures="0" tests="1" name="cucumber.TestNGTestRunner" time="16.897" errors="0" timestamp="2025-04-23T17:11:15 IST" skipped="0">
  <testcase classname="cucumber.TestNGTestRunner" name="runScenario" time="16.897"/>
</testsuite> <!-- cucumber.TestNGTestRunner -->
