<?xml version="1.0" encoding="UTF-8"?>
<!-- Generated by org.testng.reporters.JUnitReportReporter -->
<testsuite hostname="Mohammed-Windows" failures="0" tests="2" name="rahulshettyacademy.Tests.ErrorValidationsTest" time="15.427" errors="0" timestamp="2025-04-23T17:04:38 IST" skipped="0">
  <testcase classname="rahulshettyacademy.Tests.ErrorValidationsTest" name="productErrorValidation" time="10.731"/>
  <testcase classname="rahulshettyacademy.Tests.ErrorValidationsTest" name="loginErrorValidation" time="4.696"/>
</testsuite> <!-- rahulshettyacademy.Tests.ErrorValidationsTest -->
